
The payword (password to remember) is:
MySecret

The paywords from 100 to 1 are:
100 '16474cc3d0bb390f630cb7a11eb4c14e94b02394165010b8f0e2bd194c62cb83'
99 'e85701be6b442b84b959120da6967684ac337756fa7ca8a0da95d1e71c50a6c9'
98 '2cd91c3f37694d4910a3539a56805eac8bec08f50b4eedddc6e17e309abc9f69'
97 '537af3c02a7b1f8d8024030a747b6d6661030b20cdfc087a62e10bd190796e45'
96 '457a0398a5cd55b6b0854579a0530e4ee41208b995bf4a91f7fbaf08be09bcd2'
95 'b6da2de3afde2ec1ba817da0f8a99be2deed7a05a431b8bb624e69a0743ffd94'
94 'a564d2abffb69657da866804715e041d1f473296adc972a585bb0f57fdd1e14b'
93 '8c2545580f85f5649dd28384a13687487dbd976a4ed1b0b973aadb83581ade4f'
92 '2a29665f736499e4b03753ac43ab358f1a020e813e64ab984c0fafd694969f7b'
91 '2e173176891c1b36e556d0d9698d2d33afd69d92634e0140a6e47a6323a629e8'
90 '9420514406830d5aaed572a0a8d6f302c76edd85411ac162788a4d9b82c161d5'
89 '8b9a05a8f11af3c042a2d7de6b57a0839f7d72675b27b2dae3e0405572625851'
88 '6f12ef0f0818e9460af413ad90e180dff262213bd9fbf5e15be0899289d21546'
87 '5e0ec0df2950b91c255c22c5572b13dcb9fe8d8c5f4f97b7eef6fd533c42e847'
86 'd45e0553a89910825fc75e0313ace9d011c76ce7206e6f462cc66c9fb930bf94'
85 '3d133bf12b30a8c50dff8000a933000413a00958d392facd264a161cefcdd299'
84 '0e9b436fb57642793ff8184a5a5e7158d48a347d92e357b2e5bd3705b273b297'
83 'a604c4ac6dbab2a9eb04d55789b589edbdcc16183170465e3d4ef8522dffcb75'
82 '46714ec2b358b7647588a67d2ace92f2937370d2c7c0ff6bb90ef074067b48ec'
81 'c7e8967da926b5f0444dc3ea93a5fd1b06e1a7ceb710049c5b8b039dbf987546'
80 'da3680118f973a2663e662a97aa50abb9e684a1b8f7c7ff2556648fd22b860d4'
79 '526e4a8ce6ff1b00679d705f052bc322375940e5f3499dee296dfcd19f460e8f'
78 'e86fe383f2bfbb16d28df529c8b0a29d0f7a5e1a8af41a93fe22bc63227754a8'
77 'b334730a8326758883d6fe99a0b52fee67f9fd0a393eeaaa5d8ba62fbcb3b530'
76 '1908e4fc6964c138c603272100e4fb6c2b78aa75f87ebe58d30fc2a019058bf1'
75 'c41586c5c7ff6bab51a49b821d36334b76cb34468dfdcb63f6ac51ca96c82f95'
74 'b3f4a60489a95fd1f6aba4d74f1d5dcafa4e21383ebe8bdc779095d57fc2390e'
73 'a358f60800ec855e32f22e1f5c9d86e32ee6e7f54ce076ec131b95e5f399be5e'
72 'cc92111b4d2cafc27b5efbb4f1fc06e704c57c35c467f6b27b9d78bd0266a71b'
71 'e9fc9550944344d1ce4eff588c1d305ded9160e0e1403c6b4c8d90cb40261bcd'
70 '670dd5340b2af71935a313db586fecb5981b11bb6c9dd1503d075c4352c5f64f'
69 '3ca351e43e72e4583fc8ee8586b78b74e2dc1739a1b3113bcd6cfe1b2f3eade1'
68 'e95d64190efc00e6df0be30302191af08eecf394365c5d611b8b8c08d4ddc327'
67 '7f06357b269025e0c120e82bf485f749b68b36e5a55a706ce07fde76240f7c90'
66 '4ade2a4005fa83273f5cf3113854d7223f5d2bf53e67b3466b399d4a29edb288'
65 '9e1478d19e3160797b1fa5f8d4ef65ffc8f1e3699c23b10646051e4d5f1734b7'
64 '104b005822a1175a3e8e2dc5826acbda614c94f5aee1d300fcd8dc1684b19273'
63 'cf716f4c910e93fb57c7b38fd47a2f002cc75a11376a73f4af3b7a28c2b83f5a'
62 '6192925094241a34d91a55443ff286097382ec12b24a495f382b00900abb3bad'
61 '9b4b9223f58e04aeac4983634269dca9118f8ef146aa8e5aa9ed4e2328ccef8b'
60 'd240747949dab8f3b24ed463a95074d9b9937bfb8c51698aa63b4f89bd7fc7a6'
59 '94b18f4448cb660d8a771c91233c0fbcbd263b1676256c95b0ff587513ca7815'
58 '3331af9e89eff7081aa5e3ddc53a1331923c97c0dc3586fc8d07369790537d2e'
57 '544bd2c745fc077c173df4d088a74ab4d188b4e54e44ef5f3e02786d554b6c0a'
56 'e9c01c689aefd1bb103c116fcb175b709040a3491f81edc4b8b90234da0b29d1'
55 'c6dc7607c426cf07eddbe23ef0050cd14c82d4cd7a691e31d49d675e32eea8db'
54 'd45fc3c3c0927e6234f61bf2ba549d1adb39ad045fe4a5e8bc20ea8aba64fd12'
53 '6ab48cf162c3471e7650b6edd7e9308b5bf1d67baabc95fffba01c21c2ae78e0'
52 '51179cb0f06bb54fdac684bbb09982f623cb3fc10f666da7be66623f8762fef5'
51 'bd7a89e2f8e00a787a54c5a920b34c9c7cc292f6449a78d33f1def74d7c006ab'
50 '09bf7c8e19eeb75e575801c0459a648891bc178d2bb38db93c203e6ca0231743'
49 'c91c2dbf134ec283b68ad30d1e3b5d73decf177e8caded08f86e9e87747c12d5'
48 '40981f18b021845ebf484c327cf2b3d3db9c7cef36656743b02fde7b1f7a3140'
47 'e17b729e4a4d0a0cf9b8aa66510bd8390c1ff7cc7f3a71fc21a455684e9592b5'
46 'c07630eba89b154ce2470883e6474217a19b525660480620ddb5d707513f6649'
45 'a6b469b3bb20f0098c898eb868eb1236b8c87fc0db148d37098b62a974b5fcd0'
44 '85dfcc9e758bbe18d24b6b124db0db0d4072413c77f710758cffdda80e5d048c'
43 '2b3c53c4a76ac6b278041f2ceae337cbedbaaeb42bfd2595a3bffd5be55174d1'
42 'd25a2b41df3baeb7cf85266addda2da370f146695e0f5df745e54e80ab3b62ec'
41 '217dd6fb024eaa155db9123bb8446eae3ba8859cf56deb3f4b830c36e7eafb45'
40 'd7fd189d6784f2675cf9e784fe8633e3144206211b790acb47432a3b6f0846ee'
39 'd8da93beb6089a8bc211cf991f1d4f676e3afca5518b0229d7a3f255f23639df'
38 'f6bb283f36b050e1056d8b1ca05f97b296d9fe266607b3d8be4c28950a466dd1'
37 'fe4dca86d4a478324f46010b9ddcba5170ecaaeff7411b4eb97cff3089f3a899'
36 '9212d9cf11fe62091e716620b9f86b280ab31742453e939ab5416a2e7babef9a'
35 '4b3bfe56c5ee82c4e1c4a8d6dec6fbbd75342f166ecfa80d4cc4bb60a27a1cef'
34 'bf9474487396d5c8df763e758c607dd4d1f397a15fb2a64213f9069b213ed917'
33 'cdfda1616098aff8429e2797fbbad138f20a6ca3dac59478c7e6f316287077fa'
32 '0db81a942a5a64ab29069927c417dd30fd2db7c6a9d6211dc6214fd6d27c2af9'
31 '61440c479795933094be06858d7039dfc3368eeab92d521cbbeac43a3b2aa157'
30 '8e6e8b007e7a0b533a30b20c52883c024d5aabd871bb648bee70a9078899d75b'
29 'aa43d1b1ee38d56f0152ca3ba30ec7ec379de061f4455728288ba6548a8d142b'
28 '3a6e23025206e6f61a2aa26da7aa3a9df2c5547010ca86fa12df87508b92e929'
27 '254669a7fde6ec8c2b0e3a5927f320710cafa3408890984477399dc35d45c713'
26 'd09e9218ea2de1a1c6708f009fa95ccdccd724cf1e8b1111d5f91445ce193622'
25 'dbf17666b1e6ac2f6404e61b408ed47b728d58e0bcda0e64fa46fd35f90c387f'
24 'f8c88766ef70a960d2d0215ea6fda5c86fee16bf2f85a8cc7f517a68fc8efcaf'
23 '408c0f6e3eed50d058440df6fb9a9eb3685afb6404b4d609e15509702390a641'
22 'e17cb82bc75322efbf33c42a7e3aebf7f4f288ef4fd954f2bc49f7ac5b6fab63'
21 '0c5d36d979ff77ae3fda1793c82129b5a866006333c93b0c0ba462eb1e947256'
20 '7ab0fbd5b235b518ca5e9bc6a3d47d57e62827e5514ad46f0ed88f2ce86058d4'
19 'a9e7af9f2b06a9b720fb20ff46649c31ed99dba7e06ddf677211a15f5c514c5c'
18 '01a3c3ecabb609ca49e4a813d8d01f202c133fdcd630637b2e50749f965889a3'
17 '4eb1a17877f6c2a879eeb3c5040eeead1608af46e0ab95be65f1007e4aa8a6ed'
16 'e851e7d67e6652d245460870861fb8be4f830c00199df2105d8f9bcbc0cb240d'
15 'd37bd9cf3db640061ae73ca0462694bf8ae1302165f9deaae5c4b77a5b1430e3'
14 'a680df44f5ae8848f59507478f36931e2d1e2c51e57dbb7b304b5cd6ee469d4e'
13 '96dc68c3e2ccca319ce09d013174c4e492a640a4e94571784d7dee23ac444933'
12 'b12471d018db73ce193e145cd004ac505db46f2252a8dffd2b77ce434564cf7f'
11 'cf5a2d462fddaab3ac33b1513ff7eebea46e4a9d53468843cf8fd1a795fb6f5b'
10 'a6b3ad570b2ac66456e3c2becb5d30d5a01930f8483573c57b6bc73fb48aac64'
9 'f58773df5bc483265e15f0ee350b222209f271d10d3140a504f3d9e444e7b851'
8 'ac1aabcf761a71a5e93a55cbb928bf2417f8c4c01135e791947466798a7e9804'
7 '27935d812f57220cd7a99deb037d21badaabad728e6b63441b1fae0102caedf0'
6 '0af9ef01743c3015f53763f39b8c313d150fabb8f8842a9e367b499c12e97d53'
5 'd85ac4b2e91a58658e4efa0f45c5e00bb9618af2bbcbb69095ef2dfdc6cd7914'
4 '14c6c406f79c85735c6a4ae692c28b7a1dd276357658e06ede0f1354f7d0f4bc'
3 '7a79bc173be200b9cca340786d8920f32a2df9d23235ba9d2f30a00436d803d2'
2 'c06b183be2b580d6d36e0a29c1bca77f698863ac4f5a66d22765edf8e66a1ea6'
1 '9b970f5bc4d858f643e11ee2c6219c51f48d5435849ba6393664df4a17922927'

The root (to put in contract) is:
6a275c297303b37025a9d3659d1475f45363e909acf765affb65ab44d6f0f056
