
The payword (password to remember) is:
0xc0ffee

The paywords from 100 to 1 are:
100 '7924f890e12acdf516d6278e342cd34550e3bafe0a3dec1b9c2c3e991733711a'
99 '5f5e9281b746d3ee778a8e8840dd054ab9227d8e383a67e10d5acf054f3b8b38'
98 'a3e55511746354b87cf76623bb82fdaefd1296091901aa9f91c761abf8bc8d2f'
97 '8f3800480dc225d868d4961df91b832b0d2348c2932a150ad3f580d209b7c667'
96 '2b36b083dc96b0bc6640a7fc6ce2431ec6bf78233bb0ccd9232135eeb359ed95'
95 '6bf0096571318b8877e580c6563404a18745e30ce10fcdf9035a4c0568fc16b0'
94 '85043f1a4b7b29d898c4ed9a45ff3ff3776d223d4355027324024dd1527b582d'
93 '564e68cbb17596bc2e54c2dd2725cfeb318f68fbead34ac3d974215b554ad85a'
92 '2670a91551e962e4937d2ed698cc278682bf135d29efaf636003ee44f8a25539'
91 '5150f5f71180315b5341766e220f8a6df066f1e27159b3db0c26f7ff1988a7f2'
90 'b765cfd2620e5796b2681e6e3523e8586680ce581a03a5973d06a60509cecc92'
89 'd812b5629bf3b9fb4c6226a91ea53374248e6070014590a7834b8fa87c85e05c'
88 '1b3c654de0ca56693d3b208394cd67c4145143668574e90f7437cf011aa2351b'
87 'e234283a68dfeffd9abcef85a3258a5ecc8b9d4dd186c4bc66043d7c8ea65a41'
86 '0c95694872a61c0033f2694710d6bfebc8d3b8f56e7bdd439521ce1cfdd106ec'
85 '6db8b0165713d916df0cbe6464ec0b7c4462f46115eca6eddfbffa3296c52c1c'
84 '66a1b0069f01d4aee2ea63b4792e163aac5dba67a6c8e9e5785a8eab328f937c'
83 '4606a37403b66fde2044d2531af50ff9ae4f3a9557b06375f3ef41ed90aec7fc'
82 '71f6bb13fd5884b39a3340dabf1a4513fdeaa4978b6c77915807e9dbe9613b1e'
81 '043c54d56a9a9d7bfb2925d0dd0c860585f157fff677ccef7deccf72dc06b550'
80 'b520dace2d5434de23beb282150e3d6035253d509b7e279f419769649e43799d'
79 '0e75158dc8bdad0f1f980f83df1c99602323c9d4f65f9e84918232a9ba3d6954'
78 '6099e4ac3eced85bd22710fe2780d2089cd5de50930006c0f545dfe029193c80'
77 'b6af17387701a522be8f9e1d2e6c8158ad3a54dcd4af002bc2a3c3402d37952e'
76 'c0c94df3db2a9d8e0517f3dcb377fb1e99c41a0b7ef58686018744847e3877cb'
75 '5dcb982d17147369bfca699737796d6e99198c3b50ad5f772e21f16cd91f52d6'
74 '56e683ce26edf80391038ea2d2406056d229820060be2a344d3f3b068a2113c2'
73 'ab63b33b04c4b9460a0f30bccfa85b8f165747102ea7437088ecbbca49cbf258'
72 '2c696a6090a013e3381c72bf6fa9d0f81de604e9b64a58325a37299370eedc8c'
71 '100cc2f33ceee21dbd6c2dca952b1937db61719603321acfc9fb1b26777a62a8'
70 'cc0f1236078ac27fb391cb0ec14a08d68a1500a1958092a2a9bbacda1057527e'
69 'bc827e88843303b2fcf20e970574d217b863f9de82f080193a5f3b5bcec2e9d9'
68 '31f978f9d78dc7257a990b19a5fdc4fa565b859982324a53aa76c6ec4a5ea424'
67 'e32d9d18f68ead5fe164e5f091072d9604bcd81148ba5305d984a3cdb101acc7'
66 'ec70f8cad0239333848f4b0aa090bc06ac26544f2fd6dc614d112683ab9ac759'
65 '055cb7dd3c02c4387448dc2950080b687fef6d7cccd5d1f5eb8f19cda04a699c'
64 '3f8a2219cf04768f24a50fd8e48f6f810dbe0d69fbeb327e052caa95c20b5542'
63 '8d28d0e552ef7acb9e321e16f554832b7d55ef5b78c353e8a72bac60f689cc02'
62 '9790f27f3d4bec6c401dfcb661450fb754fb119d668c98c9644b9453cb1ebdf6'
61 'a101db098c4adf3536dcd000baf9bfb9c066605332b2145b6268c170fb345d3c'
60 '80551212a687d65923066b84671c712632398429186b85512d9b780070b315aa'
59 '872a1aaf3b9e5d29431f713add9b2c5e1719bb0cb89bffb2d94aa0ac1a2357de'
58 'aeb31f34d78b0fcd9b67ea186c5917be7fdb00a48147a3e2b600845fbda37f5f'
57 '4e7a5b8df9b295b4c971d211d02a138c503190498557b8640ec44a0de432b582'
56 '43dd84fe8e3d3e33a8dd8eca5371c095c37ec8a8581a99621f305e16d58fce35'
55 '5822a6e9ecce8c31aab66978a78e97c854afb2e10dbcd613b3c26d47be65982b'
54 '125209c920c44b12f7778c3f65dc6fbefc5a8c03e693c0cc49b8e96fddcf7866'
53 'c48178c1503fbe04bd6eb95939a7383a20dc14e8f99aaf46936bd21f315330c9'
52 '730a4b803481814d65658e5506a89440fb3bbbcef9a9385ba111ce885aa22d8d'
51 '04804ef515fe48d150698cd251093efcf46a2af3c4d6a05bec250b71bae102be'
50 '0aa60c2af69bc14dba5b8deee8d15ccc9e9cab51af0b440b2a7c3f40b177095a'
49 '519faa8c7222ba56eabde49cbb3aa2926688f9686e360413090ac215252be18a'
48 'a7d60940ced2d815898281db735cc8ec1f30dcf958a890175331ae55121cd00f'
47 'c2d9c1fe60529972a5830f4e0b32f139e3dfcadb67810e905492f78ee060d453'
46 '99c10924d765003a6318916c69229547da6a71b702d6a15e3a33167703102ba8'
45 '5d1655b9d1cb421db230c9ce46e34fc57b0330d9a9312a63ad59ce42b53cda87'
44 '34c2218dafa79b4eefad0a34b25d2cf092d6583c6485d5aa87efda9ed302d45f'
43 '295f0af085af0d61fe459d08974d432b7acf4455e802f8ff73c61e4938c2073c'
42 '6ed8326be141e052673244a2fc2f608fc63fa93c0a53a3fbd6974d5bad4c8a10'
41 'a0d588d5e915f27c19ac01298a9ed08f272e0164b644a79d1c4199ee46c1bf21'
40 'c2d729e13ea7e4955efa2dd43a9bd9addd20bad480699dd24a5687d7268e3e75'
39 'adc509a4ba6dc6fbddbd38b081ba4f92f44181d2c5941a814883db86f70f90c0'
38 'e39394cc558a45dae5048d01dd6e007b2e799115cf6522cb35065b00042bcf51'
37 'b603961cbb85a30de00edcbf2a8e215a958c9d1f6e192d7b8692563b97e25bde'
36 '1eb4a13416398dbfd860c1184e53f2b0e71c3e14302509ae1c407236c6935417'
35 '9ed0bcbd487cb19a01dbf023de9ec5c589eba7d8d2e425c680f23c34940ba7ab'
34 '42d99ef1f9fb814c87c6f4fa51d6deb295fd26cf846753f0105dd6058528cf9c'
33 '0cb47e82e50e139734e480907eb5465252da1d1ec52edca1c3dd830d09875e0e'
32 'e3466a637c464bada72c331e12120870ec7adade207d178cabac47c543d35c6e'
31 '39a288053b30f3a46336f8b76fb2604a736c45761a0714ddf8487e402365e917'
30 'f0ed2c71d575bcb2d13807aef2e94698e1269ad059cd39987e6a12c3033e25f8'
29 'be0a9ab7ecc1608cea469d23487bb740765d79c7d626136cef2ff7f381876168'
28 '558ea9883806053cad20753661a5286227ea14b9f792acbd5bfaca4fc8a4b2e5'
27 '1545bb3aa91a2203bf15140f2ddd2bdcf52db305acff867991e5c80bfc2de846'
26 '7c7ea144c1d015c7cc71e9fe23ed19b5a4e3da0d6f93d3b42e82b2fabcc9d477'
25 '7f8a09a4b20ee673ada79b7c77ee0a0c8cd4e9c06d596c8717b2ba234fa850b1'
24 '56de1a3462684f65e23a48f159257caf0ffb4fce9a23e568975a9527df682297'
23 '56f82483be66693ef3f49e48f7ac368eb414cb4fe5e5f007eb7e5d93af737151'
22 '9d0bd8028d89bff8532b89e260c6527ea5fb01cfef589f5047131e0b742f672b'
21 '34d6aa857b066dd61167390179f77eb37f5e01e36d8c444b48566b064ddca701'
20 'a021e6488156d56408e6f2a302150a2a4d91f9d73d3ec0f698ece37c924ceeac'
19 '0bf133190cdc086a7c58afa264af57f79f403cec84ea2122cf9efa47d783d0e9'
18 '3b50e56e6e6bef069066517da4d857aa7dd8f730cfa65e772b601aeda475011a'
17 '50192d827a8508737fa226b76ed1cc0eb6d1f36b0efa41e6264d3f4386d5ee8d'
16 '8917dca3f15f04b560b50c7103b85e5422ab705a85549196fd9809044a3a198d'
15 'c0d33341406b4c534e7e31e4588f606a6b24cfcd8deb0304b7685a287720ad41'
14 '105769100da2cf336027048e52b3c9ad8fce68b1eeb4de8d2e1f756798bb46d1'
13 'b149eadc11d49117992b5802af3ac1ad443d51b0431496cbb283b2bde29ace64'
12 '57d34cc472aebc4a46050ba1f6ee0b1b847fe173c6df0d5bb2bc95ea475bf012'
11 '048e34eee75cc4864ea09f8dc5c2df93d522296cf8a7053b4499a2aa9486b586'
10 '1a9795896d2694770b2f61c3667a93e5aa37d8a05d585a0cf53ddd2dc4cf9d6b'
9 '075bee88c51b26e6e2c947e23799cc842252f9bcb05f80d386cfabaeb3b5c77c'
8 '29288223f9886d4620e63d082fe2b1118c5a6ccdf03dc865fc427710843f8ef7'
7 '964983fa67dc5a40d8adb4d7fc0f19dcb76378e3212bf6f4d3849c567f2700a8'
6 'f86b144480ab07ba1fd381babc7b5e0b8a4719a305b5a2aa6fd2e6c5a8954318'
5 '79c4eaa3d47624bbee8acf9740e1e5cc31bba8515ab37e4027dd390c127f2a30'
4 'd3bbbf59a5fa3e41d7c548333dfcd4730ac1e07ddcb0d359559bd915d77b3aad'
3 '9dddc6c6612e74d5317dcedad7ed9f09f32c8754bdd48bf3c62ccbbdbcf81a9a'
2 'c5d3448d5c646f2e25d7dcdaa386d41d074420a31722587560ae861a75e7f75f'
1 'ecf1b4344d9022745b9769cc0c20b2edc92cca92080df415d5a7e09cbd0cbc96'

The root (to put in contract) is:
5f4608432aed10e7b24186cd08f30341783c8f9ab3fa7283e80b0696caf2d188
